[Day 0 Hour 1 Minutes 0]: The Granary is still under construction. Day 1 Hour 0 Minutes 0 minutes left.
[Day 0 Hour 1 Minutes 0]: The Hut is still under construction. Day 0 Hour 12 Minutes 0 minutes left.
[Day 0 Hour 14 Minutes 0]: The Hut has finished building.
[Day 0 Hour 15 Minutes 0]: 1 populated a Hut.
[Day 0 Hour 15 Minutes 0]: 1 populated a Hut.
[Day 0 Hour 15 Minutes 0]: 1 populated a Hut.
[Day 0 Hour 15 Minutes 0]: 1 populated a Hut.
[Day 0 Hour 15 Minutes 0]: 1 populated a Hut.
[Day 0 Hour 15 Minutes 0]: 1 populated a Hut.
[Day 0 Hour 15 Minutes 0]: 1 populated a Hut.
[Day 0 Hour 15 Minutes 0]: 1 populated a Hut.
[Day 0 Hour 15 Minutes 0]: 1 populated a Hut.
[Day 0 Hour 15 Minutes 0]: 1 populated a Hut.
[Day 0 Hour 16 Minutes 0]: The Hut is still under construction. Day 0 Hour 12 Minutes 0 minutes left.
[Day 1 Hour 2 Minutes 0]: The Granary has finished building.
[Day 1 Hour 5 Minutes 0]: The Hut has finished building.
[Day 1 Hour 6 Minutes 0]: 1 populated a Hut.
[Day 1 Hour 6 Minutes 0]: 1 populated a Hut.
[Day 1 Hour 6 Minutes 0]: 1 populated a Hut.
[Day 1 Hour 6 Minutes 0]: 1 populated a Hut.
[Day 1 Hour 6 Minutes 0]: 1 populated a Hut.
[Day 1 Hour 6 Minutes 0]: 1 populated a Hut.
[Day 1 Hour 6 Minutes 0]: 1 populated a Hut.
[Day 1 Hour 6 Minutes 0]: 1 populated a Hut.
[Day 1 Hour 6 Minutes 0]: 1 populated a Hut.
[Day 1 Hour 6 Minutes 0]: 1 populated a Hut.
