[Day 0 Hour 15 Minutes 0]: P#5 (5) found a Hut (2) to live in.
[Day 0 Hour 15 Minutes 0]: P#9 (9) found a Hut (2) to live in.
[Day 0 Hour 15 Minutes 0]: P#11 (11) found a Hut (2) to live in.
[Day 0 Hour 15 Minutes 0]: P#10 (10) found a Hut (2) to live in.
[Day 0 Hour 15 Minutes 0]: P#3 (3) found a Hut (2) to live in.
[Day 0 Hour 15 Minutes 0]: P#2 (2) found a Hut (2) to live in.
[Day 0 Hour 15 Minutes 0]: P#4 (4) found a Hut (2) to live in.
[Day 0 Hour 15 Minutes 0]: P#1 (1) found a Hut (2) to live in.
[Day 0 Hour 15 Minutes 0]: P#8 (8) found a Hut (2) to live in.
[Day 0 Hour 15 Minutes 0]: P#6 (6) found a Hut (2) to live in.
[Day 0 Hour 16 Minutes 0]: P#9 (9) is going to eat Food.
[Day 0 Hour 16 Minutes 0]: P#9 (9) ate 1 Food.
[Day 0 Hour 16 Minutes 0]: P#4 (4) is going to eat Food.
[Day 0 Hour 16 Minutes 0]: P#4 (4) ate 1 Food.
[Day 0 Hour 16 Minutes 0]: P#1 (1) is going to eat Food.
[Day 0 Hour 16 Minutes 0]: P#1 (1) ate 1 Food.
[Day 0 Hour 16 Minutes 0]: P#6 (6) is going to eat Food.
[Day 0 Hour 16 Minutes 0]: P#6 (6) ate 1 Food.
[Day 0 Hour 16 Minutes 0]: P#11 (11) is going to eat Food.
[Day 0 Hour 16 Minutes 0]: P#11 (11) ate 1 Food.
[Day 0 Hour 16 Minutes 0]: P#8 (8) is going to eat Food.
[Day 0 Hour 16 Minutes 0]: P#8 (8) ate 1 Food.
[Day 0 Hour 16 Minutes 0]: P#5 (5) is going to eat Food.
[Day 0 Hour 16 Minutes 0]: P#5 (5) ate 1 Food.
[Day 0 Hour 16 Minutes 0]: P#10 (10) is going to eat Food.
[Day 0 Hour 16 Minutes 0]: P#10 (10) ate 1 Food.
[Day 0 Hour 16 Minutes 0]: P#3 (3) is going to eat Food.
[Day 0 Hour 16 Minutes 0]: P#3 (3) ate 1 Food.
[Day 0 Hour 16 Minutes 0]: P#2 (2) is going to eat Food.
[Day 0 Hour 16 Minutes 0]: P#2 (2) ate 1 Food.
[Day 0 Hour 17 Minutes 0]: P#9 (9) finished eating.
[Day 0 Hour 17 Minutes 0]: P#2 (2) finished eating.
[Day 0 Hour 17 Minutes 0]: P#11 (11) finished eating.
[Day 0 Hour 17 Minutes 0]: P#3 (3) finished eating.
[Day 0 Hour 17 Minutes 0]: P#6 (6) finished eating.
[Day 0 Hour 17 Minutes 0]: P#5 (5) finished eating.
[Day 0 Hour 17 Minutes 0]: P#10 (10) finished eating.
[Day 0 Hour 17 Minutes 0]: P#1 (1) finished eating.
[Day 0 Hour 17 Minutes 0]: P#4 (4) finished eating.
[Day 0 Hour 17 Minutes 0]: P#8 (8) finished eating.
[Day 0 Hour 23 Minutes 0]: P#4 (4) is sleepy.
[Day 0 Hour 23 Minutes 0]: P#11 (11) is sleepy.
[Day 0 Hour 23 Minutes 0]: P#8 (8) is sleepy.
[Day 0 Hour 23 Minutes 0]: P#2 (2) is sleepy.
[Day 0 Hour 23 Minutes 0]: P#10 (10) is sleepy.
[Day 0 Hour 23 Minutes 0]: P#1 (1) is sleepy.
[Day 0 Hour 23 Minutes 0]: P#9 (9) is sleepy.
[Day 0 Hour 23 Minutes 0]: P#6 (6) is sleepy.
[Day 0 Hour 23 Minutes 0]: P#5 (5) is sleepy.
[Day 0 Hour 23 Minutes 0]: P#3 (3) is sleepy.
[Day 1 Hour 3 Minutes 0]: P#15 (15) applied for the job Granary Keeper (1).
[Day 1 Hour 6 Minutes 0]: P#21 (21) found a Hut (3) to live in.
[Day 1 Hour 6 Minutes 0]: P#13 (13) found a Hut (3) to live in.
[Day 1 Hour 6 Minutes 0]: P#15 (15) found a Hut (3) to live in.
[Day 1 Hour 6 Minutes 0]: P#14 (14) found a Hut (3) to live in.
[Day 1 Hour 6 Minutes 0]: P#16 (16) found a Hut (3) to live in.
[Day 1 Hour 6 Minutes 0]: P#19 (19) found a Hut (3) to live in.
[Day 1 Hour 6 Minutes 0]: P#7 (7) found a Hut (3) to live in.
[Day 1 Hour 6 Minutes 0]: P#7 (7) is sleepy.
[Day 1 Hour 6 Minutes 0]: P#18 (18) found a Hut (3) to live in.
[Day 1 Hour 6 Minutes 0]: P#22 (22) found a Hut (3) to live in.
[Day 1 Hour 6 Minutes 0]: P#20 (20) found a Hut (3) to live in.
