Building ID: 100
Building name: Hut
Building HP: 0/100
Cost to build: 25
Building level: OStronghold.Generic.Status
Start build time: Day 0 Hour 2 Minutes 0
End build time: Day 0 Hour 2 Minutes 0
Tenants: 0/10

Building ID: 100
Building name: Hut
Building HP: 0/100
Cost to build: 25
Building level: OStronghold.Generic.Status
Start build time: Day 0 Hour 2 Minutes 0
End build time: Day 0 Hour 2 Minutes 0
Tenants: 0/10

Building ID: 100
Building name: Hut
Building HP: 0/100
Cost to build: 25
Building level: OStronghold.Generic.Status
Start build time: Day 0 Hour 4 Minutes 0
End build time: Day 0 Hour 4 Minutes 0
Tenants: 0/10

